also installing the dependency 'Rcpp'

trying URL 'http://cran.us.r-project.org/src/contrib/Rcpp_1.0.7.tar.gz'
Content type 'application/x-gzip' length 2941808 bytes (2.8 MB)
==================================================
downloaded 2.8 MB

trying URL 'http://cran.us.r-project.org/src/contrib/Rtsne_0.15.tar.gz'
Content type 'application/x-gzip' length 67595 bytes (66 KB)
==================================================
downloaded 66 KB

* installing *source* package 'Rcpp' ...
** package 'Rcpp' successfully unpacked and MD5 sums checked
** using staged installation
** libs
g++ -std=gnu++11 -I"/usr/local/lib/R/include" -DNDEBUG -I../inst/include/  -I/usr/local/include   -fpic  -g -O2  -c api.cpp -o api.o
g++ -std=gnu++11 -I"/usr/local/lib/R/include" -DNDEBUG -I../inst/include/  -I/usr/local/include   -fpic  -g -O2  -c attributes.cpp -o attributes.o
g++ -std=gnu++11 -I"/usr/local/lib/R/include" -DNDEBUG -I../inst/include/  -I/usr/local/include   -fpic  -g -O2  -c barrier.cpp -o barrier.o
g++ -std=gnu++11 -I"/usr/local/lib/R/include" -DNDEBUG -I../inst/include/  -I/usr/local/include   -fpic  -g -O2  -c date.cpp -o date.o
g++ -std=gnu++11 -I"/usr/local/lib/R/include" -DNDEBUG -I../inst/include/  -I/usr/local/include   -fpic  -g -O2  -c module.cpp -o module.o
g++ -std=gnu++11 -I"/usr/local/lib/R/include" -DNDEBUG -I../inst/include/  -I/usr/local/include   -fpic  -g -O2  -c rcpp_init.cpp -o rcpp_init.o
g++ -std=gnu++11 -shared -L/usr/local/lib -o Rcpp.so api.o attributes.o barrier.o date.o module.o rcpp_init.o
installing to /usr/local/lib/R/library/00LOCK-Rcpp/00new/Rcpp/libs
** R
** inst
** byte-compile and prepare package for lazy loading
** help
*** installing help indices
** building package indices
** installing vignettes
** testing if installed package can be loaded from temporary location
** checking absolute paths in shared objects and dynamic libraries
** testing if installed package can be loaded from final location
** testing if installed package keeps a record of temporary installation path
* DONE (Rcpp)
* installing *source* package 'Rtsne' ...
** package 'Rtsne' successfully unpacked and MD5 sums checked
** using staged installation
** libs
g++ -std=gnu++11 -I"/usr/local/lib/R/include" -DNDEBUG  -I'/usr/local/lib/R/library/Rcpp/include' -I/usr/local/include  -fopenmp -fpic  -g -O2  -c RcppExports.cpp -o RcppExports.o
g++ -std=gnu++11 -I"/usr/local/lib/R/include" -DNDEBUG  -I'/usr/local/lib/R/library/Rcpp/include' -I/usr/local/include  -fopenmp -fpic  -g -O2  -c Rtsne.cpp -o Rtsne.o
g++ -std=gnu++11 -I"/usr/local/lib/R/include" -DNDEBUG  -I'/usr/local/lib/R/library/Rcpp/include' -I/usr/local/include  -fopenmp -fpic  -g -O2  -c normalize_input.cpp -o normalize_input.o
g++ -std=gnu++11 -I"/usr/local/lib/R/include" -DNDEBUG  -I'/usr/local/lib/R/library/Rcpp/include' -I/usr/local/include  -fopenmp -fpic  -g -O2  -c sptree.cpp -o sptree.o
g++ -std=gnu++11 -I"/usr/local/lib/R/include" -DNDEBUG  -I'/usr/local/lib/R/library/Rcpp/include' -I/usr/local/include  -fopenmp -fpic  -g -O2  -c tsne.cpp -o tsne.o
g++ -std=gnu++11 -shared -L/usr/local/lib -o Rtsne.so RcppExports.o Rtsne.o normalize_input.o sptree.o tsne.o -L/usr/local/lib/R/lib -lRlapack -L/usr/local/lib/R/lib -lRblas -lgfortran -lm -lquadmath -fopenmp
installing to /usr/local/lib/R/library/00LOCK-Rtsne/00new/Rtsne/libs
** R
** inst
** byte-compile and prepare package for lazy loading
** help
*** installing help indices
** building package indices
** testing if installed package can be loaded from temporary location
** checking absolute paths in shared objects and dynamic libraries
** testing if installed package can be loaded from final location
** testing if installed package keeps a record of temporary installation path
* DONE (Rtsne)

The downloaded source packages are in
	'/tmp/RtmpfxHKqQ/downloaded_packages'
Updating HTML index of packages in '.Library'
Making 'packages.html' ... done
