also installing the dependency 'Rcpp'

trying URL 'http://cran.us.r-project.org/src/contrib/Rcpp_1.0.7.tar.gz'
Content type 'application/x-gzip' length 2941808 bytes (2.8 Mb)
opened URL
==================================================
downloaded 2.8 Mb

trying URL 'http://cran.us.r-project.org/src/contrib/Rtsne_0.15.tar.gz'
Content type 'application/x-gzip' length 67595 bytes (66 Kb)
opened URL
==================================================
downloaded 66 Kb

* installing *source* package 'Rcpp' ...
** package 'Rcpp' successfully unpacked and MD5 sums checked
** libs
g++ -I/usr/local/lib/R/include -DNDEBUG -I../inst/include/ -I/usr/local/include    -fpic  -g -O2  -c api.cpp -o api.o
g++ -I/usr/local/lib/R/include -DNDEBUG -I../inst/include/ -I/usr/local/include    -fpic  -g -O2  -c attributes.cpp -o attributes.o
g++ -I/usr/local/lib/R/include -DNDEBUG -I../inst/include/ -I/usr/local/include    -fpic  -g -O2  -c barrier.cpp -o barrier.o
g++ -I/usr/local/lib/R/include -DNDEBUG -I../inst/include/ -I/usr/local/include    -fpic  -g -O2  -c date.cpp -o date.o
g++ -I/usr/local/lib/R/include -DNDEBUG -I../inst/include/ -I/usr/local/include    -fpic  -g -O2  -c module.cpp -o module.o
g++ -I/usr/local/lib/R/include -DNDEBUG -I../inst/include/ -I/usr/local/include    -fpic  -g -O2  -c rcpp_init.cpp -o rcpp_init.o
g++ -shared -L/usr/local/lib -o Rcpp.so api.o attributes.o barrier.o date.o module.o rcpp_init.o
installing to /usr/local/lib/R/library/Rcpp/libs
** R
** inst
** preparing package for lazy loading
** help
*** installing help indices
** building package indices
** installing vignettes
** testing if installed package can be loaded
* DONE (Rcpp)
* installing *source* package 'Rtsne' ...
** package 'Rtsne' successfully unpacked and MD5 sums checked
** libs
g++ -I/usr/local/lib/R/include -DNDEBUG  -I/usr/local/include -I"/usr/local/lib/R/library/Rcpp/include"  -fopenmp -fpic  -g -O2  -c RcppExports.cpp -o RcppExports.o
g++ -I/usr/local/lib/R/include -DNDEBUG  -I/usr/local/include -I"/usr/local/lib/R/library/Rcpp/include"  -fopenmp -fpic  -g -O2  -c Rtsne.cpp -o Rtsne.o
g++ -I/usr/local/lib/R/include -DNDEBUG  -I/usr/local/include -I"/usr/local/lib/R/library/Rcpp/include"  -fopenmp -fpic  -g -O2  -c normalize_input.cpp -o normalize_input.o
g++ -I/usr/local/lib/R/include -DNDEBUG  -I/usr/local/include -I"/usr/local/lib/R/library/Rcpp/include"  -fopenmp -fpic  -g -O2  -c sptree.cpp -o sptree.o
g++ -I/usr/local/lib/R/include -DNDEBUG  -I/usr/local/include -I"/usr/local/lib/R/library/Rcpp/include"  -fopenmp -fpic  -g -O2  -c tsne.cpp -o tsne.o
g++ -shared -L/usr/local/lib -o Rtsne.so RcppExports.o Rtsne.o normalize_input.o sptree.o tsne.o -L/usr/local/lib/R/lib -lRlapack -L/usr/local/lib/R/lib -lRblas -lgfortran -lm -lquadmath -fopenmp
installing to /usr/local/lib/R/library/Rtsne/libs
** R
** inst
** preparing package for lazy loading
** help
*** installing help indices
** building package indices
** testing if installed package can be loaded
* DONE (Rtsne)

The downloaded source packages are in
	'/tmp/Rtmpcsaqff/downloaded_packages'
Updating HTML index of packages in '.Library'
Making 'packages.html' ... done
